#-----------------------------------------------------------
# Vivado v2023.2 (64-bit)
# SW Build 4029153 on Fri Oct 13 20:14:34 MDT 2023
# IP Build 4028589 on Sat Oct 14 00:45:43 MDT 2023
# SharedData Build 4025554 on Tue Oct 10 17:18:54 MDT 2023
# Start of session at: Fri Apr 17 15:14:42 2026
# Process ID: 86640
# Current directory: C:/selected_topics_final_saved_again/PynqZ2Video/hw
# Command line: vivado.exe -mode tcl -nojournal -source .\create_proj.tcl
# Log file: C:/selected_topics_final_saved_again/PynqZ2Video/hw/vivado.log
# Journal file: 
# Running On: NICHOLAS, OS: Windows, CPU Frequency: 1996 MHz, CPU Physical cores: 24, Host memory: 33412 MB
#-----------------------------------------------------------
source {.\create_proj.tcl}
# set scripts_vivado_version "2023.2"
# set current_vivado_version [version -short]
# if { [string first $scripts_vivado_version $current_vivado_version] == -1 } {
#    puts "The version $current_vivado_version is not supported. Supported versions are $scripts_vivado_version"
#    return 1
# }
# set project_name 				hw_proj
# set BD_name 					video_out_pynq_z2
# create_project $project_name ./$project_name -part xc7z020clg400-1
ERROR: [Common 17-53] User Exception: Project already exists on disk, please use '-force' option to overwrite: 
     C:/selected_topics_final_saved_again/PynqZ2Video/hw/hw_proj/hw_proj.xpr
     C:/selected_topics_final_saved_again/PynqZ2Video/hw/hw_proj/hw_proj.runs
     C:/selected_topics_final_saved_again/PynqZ2Video/hw/hw_proj/hw_proj.srcs
     C:/selected_topics_final_saved_again/PynqZ2Video/hw/hw_proj/hw_proj.cache
     C:/selected_topics_final_saved_again/PynqZ2Video/hw/hw_proj/hw_proj.hw
     C:/selected_topics_final_saved_again/PynqZ2Video/hw/hw_proj/hw_proj.ip_user_files
     C:/selected_topics_final_saved_again/PynqZ2Video/hw/hw_proj/hw_proj.gen
Vivado% exit
INFO: [Common 17-206] Exiting Vivado at Fri Apr 17 15:14:52 2026...
