#-----------------------------------------------------------
# Vivado v2022.2 (64-bit)
# SW Build 3671981 on Fri Oct 14 05:00:03 MDT 2022
# IP Build 3669848 on Fri Oct 14 08:30:02 MDT 2022
# Start of session at: Mon Apr 13 01:17:45 2026
# Process ID: 97592
# Current directory: C:/nicholas/Graduate School/selected_topics_final/Pynq-Z2-Video/hw
# Command line: vivado.exe -mode tcl -nojournal -source .\create_proj.tcl
# Log file: C:/nicholas/Graduate School/selected_topics_final/Pynq-Z2-Video/hw/vivado.log
# Journal file: 
# Running On: NICHOLAS, OS: Windows, CPU Frequency: 1996 MHz, CPU Physical cores: 24, Host memory: 33412 MB
#-----------------------------------------------------------
source {.\create_proj.tcl}
# set scripts_vivado_version "2023.2"
# set current_vivado_version [version -short]
# if { [string first $scripts_vivado_version $current_vivado_version] == -1 } {
#    puts "The version $current_vivado_version is not supported. Supported versions are $scripts_vivado_version"
#    return 1
# }
The version 2022.2 is not supported. Supported versions are 2023.2
Vivado% Vivado% exit
INFO: [Common 17-206] Exiting Vivado at Mon Apr 13 01:19:04 2026...
