Copyright 1986-2022 Xilinx, Inc. All Rights Reserved. Copyright 2022-2023 Advanced Micro Devices, Inc. All Rights Reserved.
---------------------------------------------------------------------------------------------------------------------------------------------------------------------
| Tool Version : Vivado v.2023.2 (win64) Build 4029153 Fri Oct 13 20:14:34 MDT 2023
| Date         : Mon Apr 13 02:15:18 2026
| Host         : NICHOLAS running 64-bit major release  (build 9200)
| Command      : report_drc -file video_out_pynq_z2_wrapper_drc_routed.rpt -pb video_out_pynq_z2_wrapper_drc_routed.pb -rpx video_out_pynq_z2_wrapper_drc_routed.rpx
| Design       : video_out_pynq_z2_wrapper
| Device       : xc7z020clg400-1
| Speed File   : -1
| Design State : Fully Routed
---------------------------------------------------------------------------------------------------------------------------------------------------------------------

Report DRC

Table of Contents
-----------------
1. REPORT SUMMARY
2. REPORT DETAILS

1. REPORT SUMMARY
-----------------
            Netlist: netlist
          Floorplan: design_1
      Design limits: <entire design considered>
           Ruledeck: default
             Max violations: <unlimited>
             Violations found: 12
+-----------+----------+------------------------+------------+
| Rule      | Severity | Description            | Violations |
+-----------+----------+------------------------+------------+
| DPIP-1    | Warning  | Input pipelining       | 3          |
| DPOP-1    | Warning  | PREG Output pipelining | 3          |
| DPOP-2    | Warning  | MREG Output pipelining | 5          |
| RTSTAT-10 | Warning  | No routable loads      | 1          |
+-----------+----------+------------------------+------------+

2. REPORT DETAILS
-----------------
DPIP-1#1 Warning
Input pipelining  
DSP video_out_pynq_z2_i/v_tpg_0/inst/grp_v_tpgHlsDataFlow_fu_443/tpgBackground_U0/grp_tpgBackground_Pipeline_VITIS_LOOP_565_2_fu_482/mac_muladd_16s_16s_16ns_16_4_1_U35/video_out_pynq_z2_v_tpg_0_0_mac_muladd_16s_16s_16ns_16_4_1_DSP48_1_U/p_reg_reg input video_out_pynq_z2_i/v_tpg_0/inst/grp_v_tpgHlsDataFlow_fu_443/tpgBackground_U0/grp_tpgBackground_Pipeline_VITIS_LOOP_565_2_fu_482/mac_muladd_16s_16s_16ns_16_4_1_U35/video_out_pynq_z2_v_tpg_0_0_mac_muladd_16s_16s_16ns_16_4_1_DSP48_1_U/p_reg_reg/C[47:0] is not pipelined. Pipelining DSP48 input will improve performance.
Related violations: <none>

DPIP-1#2 Warning
Input pipelining  
DSP video_out_pynq_z2_i/v_tpg_0/inst/grp_v_tpgHlsDataFlow_fu_443/tpgBackground_U0/grp_tpgBackground_Pipeline_VITIS_LOOP_565_2_fu_482/mac_muladd_8ns_5ns_16ns_17_4_1_U42/video_out_pynq_z2_v_tpg_0_0_mac_muladd_8ns_5ns_16ns_17_4_1_DSP48_7_U/p_reg_reg input video_out_pynq_z2_i/v_tpg_0/inst/grp_v_tpgHlsDataFlow_fu_443/tpgBackground_U0/grp_tpgBackground_Pipeline_VITIS_LOOP_565_2_fu_482/mac_muladd_8ns_5ns_16ns_17_4_1_U42/video_out_pynq_z2_v_tpg_0_0_mac_muladd_8ns_5ns_16ns_17_4_1_DSP48_7_U/p_reg_reg/C[47:0] is not pipelined. Pipelining DSP48 input will improve performance.
Related violations: <none>

DPIP-1#3 Warning
Input pipelining  
DSP video_out_pynq_z2_i/v_tpg_0/inst/grp_v_tpgHlsDataFlow_fu_443/tpgBackground_U0/grp_tpgBackground_Pipeline_VITIS_LOOP_565_2_fu_482/mac_muladd_8ns_8ns_15ns_16_4_1_U40/video_out_pynq_z2_v_tpg_0_0_mac_muladd_8ns_8ns_15ns_16_4_1_DSP48_6_U/p_reg_reg input video_out_pynq_z2_i/v_tpg_0/inst/grp_v_tpgHlsDataFlow_fu_443/tpgBackground_U0/grp_tpgBackground_Pipeline_VITIS_LOOP_565_2_fu_482/mac_muladd_8ns_8ns_15ns_16_4_1_U40/video_out_pynq_z2_v_tpg_0_0_mac_muladd_8ns_8ns_15ns_16_4_1_DSP48_6_U/p_reg_reg/C[47:0] is not pipelined. Pipelining DSP48 input will improve performance.
Related violations: <none>

DPOP-1#1 Warning
PREG Output pipelining  
DSP video_out_pynq_z2_i/v_tpg_0/inst/grp_v_tpgHlsDataFlow_fu_443/tpgBackground_U0/grp_tpgBackground_Pipeline_VITIS_LOOP_565_2_fu_482/mul_11ns_13ns_23_1_1_U27/tmp_product output video_out_pynq_z2_i/v_tpg_0/inst/grp_v_tpgHlsDataFlow_fu_443/tpgBackground_U0/grp_tpgBackground_Pipeline_VITIS_LOOP_565_2_fu_482/mul_11ns_13ns_23_1_1_U27/tmp_product/P[47:0] is not pipelined (PREG=0). Pipelining the DSP48 output will improve performance and often saves power so it is suggested whenever possible to fully pipeline this function.  If this DSP48 function was inferred, it is suggested to describe an additional register stage after this function.  If the DSP48 was instantiated in the design, it is suggested to set the PREG attribute to 1.
Related violations: <none>

DPOP-1#2 Warning
PREG Output pipelining  
DSP video_out_pynq_z2_i/v_tpg_0/inst/grp_v_tpgHlsDataFlow_fu_443/tpgBackground_U0/grp_tpgBackground_Pipeline_VITIS_LOOP_565_2_fu_482/mul_11ns_13ns_23_1_1_U28/tmp_product output video_out_pynq_z2_i/v_tpg_0/inst/grp_v_tpgHlsDataFlow_fu_443/tpgBackground_U0/grp_tpgBackground_Pipeline_VITIS_LOOP_565_2_fu_482/mul_11ns_13ns_23_1_1_U28/tmp_product/P[47:0] is not pipelined (PREG=0). Pipelining the DSP48 output will improve performance and often saves power so it is suggested whenever possible to fully pipeline this function.  If this DSP48 function was inferred, it is suggested to describe an additional register stage after this function.  If the DSP48 was instantiated in the design, it is suggested to set the PREG attribute to 1.
Related violations: <none>

DPOP-1#3 Warning
PREG Output pipelining  
DSP video_out_pynq_z2_i/v_tpg_0/inst/grp_v_tpgHlsDataFlow_fu_443/tpgBackground_U0/grp_tpgBackground_Pipeline_VITIS_LOOP_565_2_fu_482/mul_11ns_13ns_23_1_1_U29/tmp_product output video_out_pynq_z2_i/v_tpg_0/inst/grp_v_tpgHlsDataFlow_fu_443/tpgBackground_U0/grp_tpgBackground_Pipeline_VITIS_LOOP_565_2_fu_482/mul_11ns_13ns_23_1_1_U29/tmp_product/P[47:0] is not pipelined (PREG=0). Pipelining the DSP48 output will improve performance and often saves power so it is suggested whenever possible to fully pipeline this function.  If this DSP48 function was inferred, it is suggested to describe an additional register stage after this function.  If the DSP48 was instantiated in the design, it is suggested to set the PREG attribute to 1.
Related violations: <none>

DPOP-2#1 Warning
MREG Output pipelining  
DSP video_out_pynq_z2_i/v_tpg_0/inst/grp_v_tpgHlsDataFlow_fu_443/tpgBackground_U0/grp_tpgBackground_Pipeline_VITIS_LOOP_565_2_fu_482/mul_11ns_13ns_23_1_1_U27/tmp_product multiplier stage video_out_pynq_z2_i/v_tpg_0/inst/grp_v_tpgHlsDataFlow_fu_443/tpgBackground_U0/grp_tpgBackground_Pipeline_VITIS_LOOP_565_2_fu_482/mul_11ns_13ns_23_1_1_U27/tmp_product/P[47:0] is not pipelined (MREG=0). Pipelining the multiplier function will improve performance and will save significant power so it is suggested whenever possible to fully pipeline this function.  If this multiplier was inferred, it is suggested to describe an additional register stage after this function.  If there is no registered adder/accumulator following the multiply function, two pipeline stages are suggested to allow both the MREG and PREG registers to be used.  If the DSP48 was instantiated in the design, it is suggested to set both the MREG and PREG attributes to 1 when performing multiply functions.
Related violations: <none>

DPOP-2#2 Warning
MREG Output pipelining  
DSP video_out_pynq_z2_i/v_tpg_0/inst/grp_v_tpgHlsDataFlow_fu_443/tpgBackground_U0/grp_tpgBackground_Pipeline_VITIS_LOOP_565_2_fu_482/mul_11ns_13ns_23_1_1_U28/tmp_product multiplier stage video_out_pynq_z2_i/v_tpg_0/inst/grp_v_tpgHlsDataFlow_fu_443/tpgBackground_U0/grp_tpgBackground_Pipeline_VITIS_LOOP_565_2_fu_482/mul_11ns_13ns_23_1_1_U28/tmp_product/P[47:0] is not pipelined (MREG=0). Pipelining the multiplier function will improve performance and will save significant power so it is suggested whenever possible to fully pipeline this function.  If this multiplier was inferred, it is suggested to describe an additional register stage after this function.  If there is no registered adder/accumulator following the multiply function, two pipeline stages are suggested to allow both the MREG and PREG registers to be used.  If the DSP48 was instantiated in the design, it is suggested to set both the MREG and PREG attributes to 1 when performing multiply functions.
Related violations: <none>

DPOP-2#3 Warning
MREG Output pipelining  
DSP video_out_pynq_z2_i/v_tpg_0/inst/grp_v_tpgHlsDataFlow_fu_443/tpgBackground_U0/grp_tpgBackground_Pipeline_VITIS_LOOP_565_2_fu_482/mul_11ns_13ns_23_1_1_U29/tmp_product multiplier stage video_out_pynq_z2_i/v_tpg_0/inst/grp_v_tpgHlsDataFlow_fu_443/tpgBackground_U0/grp_tpgBackground_Pipeline_VITIS_LOOP_565_2_fu_482/mul_11ns_13ns_23_1_1_U29/tmp_product/P[47:0] is not pipelined (MREG=0). Pipelining the multiplier function will improve performance and will save significant power so it is suggested whenever possible to fully pipeline this function.  If this multiplier was inferred, it is suggested to describe an additional register stage after this function.  If there is no registered adder/accumulator following the multiply function, two pipeline stages are suggested to allow both the MREG and PREG registers to be used.  If the DSP48 was instantiated in the design, it is suggested to set both the MREG and PREG attributes to 1 when performing multiply functions.
Related violations: <none>

DPOP-2#4 Warning
MREG Output pipelining  
DSP video_out_pynq_z2_i/v_tpg_0/inst/grp_v_tpgHlsDataFlow_fu_443/tpgBackground_U0/grp_tpgBackground_Pipeline_VITIS_LOOP_565_2_fu_482/mul_ln1356_reg_5237_reg multiplier stage video_out_pynq_z2_i/v_tpg_0/inst/grp_v_tpgHlsDataFlow_fu_443/tpgBackground_U0/grp_tpgBackground_Pipeline_VITIS_LOOP_565_2_fu_482/mul_ln1356_reg_5237_reg/P[47:0] is not pipelined (MREG=0). Pipelining the multiplier function will improve performance and will save significant power so it is suggested whenever possible to fully pipeline this function.  If this multiplier was inferred, it is suggested to describe an additional register stage after this function.  If there is no registered adder/accumulator following the multiply function, two pipeline stages are suggested to allow both the MREG and PREG registers to be used.  If the DSP48 was instantiated in the design, it is suggested to set both the MREG and PREG attributes to 1 when performing multiply functions.
Related violations: <none>

DPOP-2#5 Warning
MREG Output pipelining  
DSP video_out_pynq_z2_i/v_tpg_0/inst/grp_v_tpgHlsDataFlow_fu_443/tpgBackground_U0/grp_tpgBackground_Pipeline_VITIS_LOOP_565_2_fu_482/trunc_ln1356_reg_5243_reg multiplier stage video_out_pynq_z2_i/v_tpg_0/inst/grp_v_tpgHlsDataFlow_fu_443/tpgBackground_U0/grp_tpgBackground_Pipeline_VITIS_LOOP_565_2_fu_482/trunc_ln1356_reg_5243_reg/P[47:0] is not pipelined (MREG=0). Pipelining the multiplier function will improve performance and will save significant power so it is suggested whenever possible to fully pipeline this function.  If this multiplier was inferred, it is suggested to describe an additional register stage after this function.  If there is no registered adder/accumulator following the multiply function, two pipeline stages are suggested to allow both the MREG and PREG registers to be used.  If the DSP48 was instantiated in the design, it is suggested to set both the MREG and PREG attributes to 1 when performing multiply functions.
Related violations: <none>

RTSTAT-10#1 Warning
No routable loads  
25 net(s) have no routable loads. The problem bus(es) and/or net(s) are video_out_pynq_z2_i/smartconnect_0/inst/m00_nodes/m00_ar_node/inst/mi_handler_m_sc_areset_pipe,
video_out_pynq_z2_i/smartconnect_0/inst/m00_nodes/m00_w_node/inst/mi_handler_m_sc_areset_pipe,
video_out_pynq_z2_i/smartconnect_0/inst/m01_nodes/m01_aw_node/inst/mi_handler_m_sc_areset_pipe,
video_out_pynq_z2_i/smartconnect_0/inst/m01_nodes/m01_b_node/inst/mi_handler_m_sc_areset_pipe,
video_out_pynq_z2_i/smartconnect_0/inst/m01_nodes/m01_r_node/inst/mi_handler_m_sc_areset_pipe,
video_out_pynq_z2_i/smartconnect_0/inst/m01_nodes/m01_w_node/inst/mi_handler_m_sc_areset_pipe,
video_out_pynq_z2_i/smartconnect_0/inst/m02_nodes/m02_ar_node/inst/mi_handler_m_sc_areset_pipe,
video_out_pynq_z2_i/smartconnect_0/inst/m02_nodes/m02_aw_node/inst/mi_handler_m_sc_areset_pipe,
video_out_pynq_z2_i/smartconnect_0/inst/m02_nodes/m02_b_node/inst/mi_handler_m_sc_areset_pipe,
video_out_pynq_z2_i/smartconnect_0/inst/m02_nodes/m02_r_node/inst/mi_handler_m_sc_areset_pipe,
video_out_pynq_z2_i/smartconnect_0/inst/m02_nodes/m02_w_node/inst/mi_handler_m_sc_areset_pipe,
video_out_pynq_z2_i/smartconnect_0/inst/m03_nodes/m03_ar_node/inst/mi_handler_m_sc_areset_pipe,
video_out_pynq_z2_i/smartconnect_0/inst/m03_nodes/m03_aw_node/inst/mi_handler_m_sc_areset_pipe,
video_out_pynq_z2_i/smartconnect_0/inst/s00_nodes/s00_aw_node/inst/mi_handler_m_sc_areset_pipe,
video_out_pynq_z2_i/smartconnect_0/inst/s00_nodes/s00_w_node/inst/mi_handler_m_sc_areset_pipe
 (the first 15 of 25 listed nets/buses).
Related violations: <none>


